13:44:32.130 [main] INFO  testCases.TC001_Fitpeo_ValidateTotalRecurringReimbursementValue - Navigate to Revenue Calculator Page
13:44:32.684 [main] INFO  testCases.TC001_Fitpeo_ValidateTotalRecurringReimbursementValue - Slide down to Slider and Interact
13:44:33.503 [main] INFO  testCases.TC001_Fitpeo_ValidateTotalRecurringReimbursementValue - Moving slider to the specified value...
13:44:34.979 [main] INFO  testCases.TC001_Fitpeo_ValidateTotalRecurringReimbursementValue - Validating slider and text field values...
13:44:35.170 [main] INFO  testCases.TC001_Fitpeo_ValidateTotalRecurringReimbursementValue - Clearing and setting patient text field...
13:44:35.619 [main] INFO  testCases.TC001_Fitpeo_ValidateTotalRecurringReimbursementValue - Validating slider and text field values...
13:44:36.136 [main] INFO  testCases.TC001_Fitpeo_ValidateTotalRecurringReimbursementValue - Selecting CPT checkboxes..
13:44:38.478 [main] INFO  testCases.TC001_Fitpeo_ValidateTotalRecurringReimbursementValue - Validating total recurring reimbursement value...
13:44:38.699 [main] INFO  testCases.TC001_Fitpeo_ValidateTotalRecurringReimbursementValue - Test case passed sucessfully...
12:21:43.370 [main] INFO  testCases.TC001_Fitpeo_ValidateTotalRecurringReimbursementValue - Navigate to Revenue Calculator Page
12:21:43.666 [main] INFO  testCases.TC001_Fitpeo_ValidateTotalRecurringReimbursementValue - Slide down to Slider and Interact
12:21:43.845 [main] INFO  testCases.TC001_Fitpeo_ValidateTotalRecurringReimbursementValue - Moving slider to the specified value...
12:21:45.494 [main] INFO  testCases.TC001_Fitpeo_ValidateTotalRecurringReimbursementValue - Validating slider and text field values...
12:21:45.772 [main] INFO  testCases.TC001_Fitpeo_ValidateTotalRecurringReimbursementValue - Clearing and setting patient text field...
12:21:46.099 [main] INFO  testCases.TC001_Fitpeo_ValidateTotalRecurringReimbursementValue - Validating slider and text field values...
12:21:46.457 [main] INFO  testCases.TC001_Fitpeo_ValidateTotalRecurringReimbursementValue - Selecting CPT checkboxes..
12:21:48.497 [main] INFO  testCases.TC001_Fitpeo_ValidateTotalRecurringReimbursementValue - Validating total recurring reimbursement value...
12:21:48.668 [main] INFO  testCases.TC001_Fitpeo_ValidateTotalRecurringReimbursementValue - Test case passed sucessfully...
12:25:37.179 [main] INFO  testCases.TC001_Fitpeo_ValidateTotalRecurringReimbursementValue - Navigate to Revenue Calculator Page
12:25:37.987 [main] INFO  testCases.TC001_Fitpeo_ValidateTotalRecurringReimbursementValue - Slide down to Slider and Interact
12:25:38.501 [main] INFO  testCases.TC001_Fitpeo_ValidateTotalRecurringReimbursementValue - Moving slider to the specified value...
12:25:39.729 [main] INFO  testCases.TC001_Fitpeo_ValidateTotalRecurringReimbursementValue - Validating slider and text field values...
12:25:39.885 [main] INFO  testCases.TC001_Fitpeo_ValidateTotalRecurringReimbursementValue - Clearing and setting patient text field...
12:25:40.094 [main] INFO  testCases.TC001_Fitpeo_ValidateTotalRecurringReimbursementValue - Validating slider and text field values...
12:25:40.370 [main] INFO  testCases.TC001_Fitpeo_ValidateTotalRecurringReimbursementValue - Selecting CPT checkboxes..
12:25:42.268 [main] INFO  testCases.TC001_Fitpeo_ValidateTotalRecurringReimbursementValue - Validating total recurring reimbursement value...
12:25:42.401 [main] INFO  testCases.TC001_Fitpeo_ValidateTotalRecurringReimbursementValue - Test case passed sucessfully...
12:31:17.215 [main] INFO  testCases.TC001_Fitpeo_ValidateTotalRecurringReimbursementValue - Navigate to Revenue Calculator Page
12:31:17.962 [main] INFO  testCases.TC001_Fitpeo_ValidateTotalRecurringReimbursementValue - Slide down to Slider and Interact
12:31:18.483 [main] INFO  testCases.TC001_Fitpeo_ValidateTotalRecurringReimbursementValue - Moving slider to the specified value...
12:31:19.669 [main] INFO  testCases.TC001_Fitpeo_ValidateTotalRecurringReimbursementValue - Validating slider and text field values...
12:31:19.836 [main] INFO  testCases.TC001_Fitpeo_ValidateTotalRecurringReimbursementValue - Clearing and setting patient text field...
12:31:20.069 [main] INFO  testCases.TC001_Fitpeo_ValidateTotalRecurringReimbursementValue - Validating slider and text field values...
12:31:20.393 [main] INFO  testCases.TC001_Fitpeo_ValidateTotalRecurringReimbursementValue - Selecting CPT checkboxes..
12:31:22.473 [main] INFO  testCases.TC001_Fitpeo_ValidateTotalRecurringReimbursementValue - Validating total recurring reimbursement value...
12:31:22.602 [main] INFO  testCases.TC001_Fitpeo_ValidateTotalRecurringReimbursementValue - Test case passed sucessfully...
12:36:19.754 [main] INFO  testCases.TC001_Fitpeo_ValidateTotalRecurringReimbursementValue - Navigate to Revenue Calculator Page
12:36:20.080 [main] INFO  testCases.TC001_Fitpeo_ValidateTotalRecurringReimbursementValue - Slide down to Slider and Interact
12:36:20.310 [main] INFO  testCases.TC001_Fitpeo_ValidateTotalRecurringReimbursementValue - Moving slider to the specified value...
12:36:22.427 [main] INFO  testCases.TC001_Fitpeo_ValidateTotalRecurringReimbursementValue - Validating slider and text field values...
12:36:22.570 [main] INFO  testCases.TC001_Fitpeo_ValidateTotalRecurringReimbursementValue - Clearing and setting patient text field...
12:36:22.835 [main] INFO  testCases.TC001_Fitpeo_ValidateTotalRecurringReimbursementValue - Validating slider and text field values...
12:36:23.139 [main] INFO  testCases.TC001_Fitpeo_ValidateTotalRecurringReimbursementValue - Selecting CPT checkboxes..
12:36:25.242 [main] INFO  testCases.TC001_Fitpeo_ValidateTotalRecurringReimbursementValue - Validating total recurring reimbursement value...
12:36:25.393 [main] INFO  testCases.TC001_Fitpeo_ValidateTotalRecurringReimbursementValue - Test case passed sucessfully...
12:37:50.537 [main] INFO  testCases.TC001_Fitpeo_ValidateTotalRecurringReimbursementValue - Navigate to Revenue Calculator Page
12:37:51.079 [main] INFO  testCases.TC001_Fitpeo_ValidateTotalRecurringReimbursementValue - Slide down to Slider and Interact
12:37:51.326 [main] INFO  testCases.TC001_Fitpeo_ValidateTotalRecurringReimbursementValue - Moving slider to the specified value...
12:37:52.829 [main] INFO  testCases.TC001_Fitpeo_ValidateTotalRecurringReimbursementValue - Validating slider and text field values...
12:37:52.971 [main] INFO  testCases.TC001_Fitpeo_ValidateTotalRecurringReimbursementValue - Clearing and setting patient text field...
12:37:53.165 [main] INFO  testCases.TC001_Fitpeo_ValidateTotalRecurringReimbursementValue - Validating slider and text field values...
12:37:53.471 [main] INFO  testCases.TC001_Fitpeo_ValidateTotalRecurringReimbursementValue - Selecting CPT checkboxes..
12:37:55.694 [main] INFO  testCases.TC001_Fitpeo_ValidateTotalRecurringReimbursementValue - Validating total recurring reimbursement value...
12:37:55.832 [main] INFO  testCases.TC001_Fitpeo_ValidateTotalRecurringReimbursementValue - Test case passed sucessfully...
12:43:32.202 [main] INFO  testCases.TC001_Fitpeo_ValidateTotalRecurringReimbursementValue - Navigate to Revenue Calculator Page
12:43:32.597 [main] INFO  testCases.TC001_Fitpeo_ValidateTotalRecurringReimbursementValue - Slide down to Slider and Interact
12:43:33.373 [main] INFO  testCases.TC001_Fitpeo_ValidateTotalRecurringReimbursementValue - Moving slider to the specified value...
12:43:34.696 [main] INFO  testCases.TC001_Fitpeo_ValidateTotalRecurringReimbursementValue - Validating slider and text field values...
12:43:34.983 [main] INFO  testCases.TC001_Fitpeo_ValidateTotalRecurringReimbursementValue - Clearing and setting patient text field...
12:43:35.346 [main] INFO  testCases.TC001_Fitpeo_ValidateTotalRecurringReimbursementValue - Validating slider and text field values...
12:43:35.710 [main] INFO  testCases.TC001_Fitpeo_ValidateTotalRecurringReimbursementValue - Selecting CPT checkboxes..
12:43:37.970 [main] INFO  testCases.TC001_Fitpeo_ValidateTotalRecurringReimbursementValue - Validating total recurring reimbursement value...
12:43:38.092 [main] INFO  testCases.TC001_Fitpeo_ValidateTotalRecurringReimbursementValue - Test case passed sucessfully...
12:56:58.245 [main] INFO  testCases.TC001_Fitpeo_ValidateTotalRecurringReimbursementValue - Navigate to Revenue Calculator Page
12:56:58.786 [main] INFO  testCases.TC001_Fitpeo_ValidateTotalRecurringReimbursementValue - Slide down to Slider and Interact
12:57:00.516 [main] INFO  testCases.TC001_Fitpeo_ValidateTotalRecurringReimbursementValue - Test case didnot executed...
12:57:00.516 [main] INFO  testCases.TC001_Fitpeo_ValidateTotalRecurringReimbursementValue - Test case failed...
12:58:44.132 [main] INFO  testCases.TC001_Fitpeo_ValidateTotalRecurringReimbursementValue - Navigate to Revenue Calculator Page
12:58:44.490 [main] INFO  testCases.TC001_Fitpeo_ValidateTotalRecurringReimbursementValue - Slide down to Slider and Interact
12:58:44.728 [main] INFO  testCases.TC001_Fitpeo_ValidateTotalRecurringReimbursementValue - Moving slider to the specified value...
12:58:47.070 [main] INFO  testCases.TC001_Fitpeo_ValidateTotalRecurringReimbursementValue - Validating slider and text field values...
12:58:47.227 [main] INFO  testCases.TC001_Fitpeo_ValidateTotalRecurringReimbursementValue - Clearing and setting patient text field...
12:58:47.449 [main] INFO  testCases.TC001_Fitpeo_ValidateTotalRecurringReimbursementValue - Validating slider and text field values...
12:58:47.743 [main] INFO  testCases.TC001_Fitpeo_ValidateTotalRecurringReimbursementValue - Selecting CPT checkboxes..
12:58:49.935 [main] INFO  testCases.TC001_Fitpeo_ValidateTotalRecurringReimbursementValue - Validating total recurring reimbursement value...
12:58:50.101 [main] INFO  testCases.TC001_Fitpeo_ValidateTotalRecurringReimbursementValue - Test case passed sucessfully...
13:01:29.804 [main] INFO  testCases.TC001_Fitpeo_ValidateTotalRecurringReimbursementValue - Navigate to Revenue Calculator Page
13:01:30.292 [main] INFO  testCases.TC001_Fitpeo_ValidateTotalRecurringReimbursementValue - Slide down to Slider and Interact
13:01:30.850 [main] INFO  testCases.TC001_Fitpeo_ValidateTotalRecurringReimbursementValue - Moving slider to the specified value...
13:01:32.120 [main] INFO  testCases.TC001_Fitpeo_ValidateTotalRecurringReimbursementValue - Validating slider and text field values...
13:01:32.326 [main] INFO  testCases.TC001_Fitpeo_ValidateTotalRecurringReimbursementValue - Clearing and setting patient text field...
13:01:32.611 [main] INFO  testCases.TC001_Fitpeo_ValidateTotalRecurringReimbursementValue - Validating slider and text field values...
13:01:32.903 [main] INFO  testCases.TC001_Fitpeo_ValidateTotalRecurringReimbursementValue - Selecting CPT checkboxes..
13:01:34.749 [main] INFO  testCases.TC001_Fitpeo_ValidateTotalRecurringReimbursementValue - Validating total recurring reimbursement value...
13:01:34.869 [main] INFO  testCases.TC001_Fitpeo_ValidateTotalRecurringReimbursementValue - Test case passed sucessfully...
13:11:58.063 [main] INFO  testCases.TC001_Fitpeo_ValidateTotalRecurringReimbursementValue - Navigate to Revenue Calculator Page
13:11:58.563 [main] INFO  testCases.TC001_Fitpeo_ValidateTotalRecurringReimbursementValue - Slide down to Slider and Interact
13:11:59.003 [main] INFO  testCases.TC001_Fitpeo_ValidateTotalRecurringReimbursementValue - Moving slider to the specified value...
13:12:00.195 [main] INFO  testCases.TC001_Fitpeo_ValidateTotalRecurringReimbursementValue - Validating slider and text field values...
13:12:00.375 [main] INFO  testCases.TC001_Fitpeo_ValidateTotalRecurringReimbursementValue - Clearing and setting patient text field...
13:12:00.588 [main] INFO  testCases.TC001_Fitpeo_ValidateTotalRecurringReimbursementValue - Validating slider and text field values...
13:12:01.031 [main] INFO  testCases.TC001_Fitpeo_ValidateTotalRecurringReimbursementValue - Selecting CPT checkboxes..
13:12:03.032 [main] INFO  testCases.TC001_Fitpeo_ValidateTotalRecurringReimbursementValue - Validating total recurring reimbursement value...
13:12:03.155 [main] INFO  testCases.TC001_Fitpeo_ValidateTotalRecurringReimbursementValue - Test case passed sucessfully...
13:14:34.841 [main] INFO  testCases.TC001_Fitpeo_ValidateTotalRecurringReimbursementValue - Navigate to Revenue Calculator Page
13:14:35.781 [main] INFO  testCases.TC001_Fitpeo_ValidateTotalRecurringReimbursementValue - Slide down to Slider and Interact
13:14:36.451 [main] INFO  testCases.TC001_Fitpeo_ValidateTotalRecurringReimbursementValue - Moving slider to the specified value...
13:14:37.885 [main] INFO  testCases.TC001_Fitpeo_ValidateTotalRecurringReimbursementValue - Validating slider and text field values...
13:14:38.152 [main] INFO  testCases.TC001_Fitpeo_ValidateTotalRecurringReimbursementValue - Clearing and setting patient text field...
13:14:38.551 [main] INFO  testCases.TC001_Fitpeo_ValidateTotalRecurringReimbursementValue - Validating slider and text field values...
13:14:38.922 [main] INFO  testCases.TC001_Fitpeo_ValidateTotalRecurringReimbursementValue - Selecting CPT checkboxes..
13:14:41.059 [main] INFO  testCases.TC001_Fitpeo_ValidateTotalRecurringReimbursementValue - Validating total recurring reimbursement value...
13:14:41.187 [main] INFO  testCases.TC001_Fitpeo_ValidateTotalRecurringReimbursementValue - Test case passed sucessfully...
13:18:26.714 [main] INFO  testCases.TC001_Fitpeo_ValidateTotalRecurringReimbursementValue - Navigate to Revenue Calculator Page
13:18:27.116 [main] INFO  testCases.TC001_Fitpeo_ValidateTotalRecurringReimbursementValue - Slide down to Slider and Interact
13:18:27.414 [main] INFO  testCases.TC001_Fitpeo_ValidateTotalRecurringReimbursementValue - Moving slider to the specified value...
13:18:29.379 [main] INFO  testCases.TC001_Fitpeo_ValidateTotalRecurringReimbursementValue - Validating slider and text field values...
13:18:29.581 [main] INFO  testCases.TC001_Fitpeo_ValidateTotalRecurringReimbursementValue - Clearing and setting patient text field...
13:18:29.904 [main] INFO  testCases.TC001_Fitpeo_ValidateTotalRecurringReimbursementValue - Validating slider and text field values...
13:18:30.223 [main] INFO  testCases.TC001_Fitpeo_ValidateTotalRecurringReimbursementValue - Selecting CPT checkboxes..
13:18:32.443 [main] INFO  testCases.TC001_Fitpeo_ValidateTotalRecurringReimbursementValue - Validating total recurring reimbursement value...
13:18:32.584 [main] INFO  testCases.TC001_Fitpeo_ValidateTotalRecurringReimbursementValue - Test case passed sucessfully...
13:19:17.355 [main] INFO  testCases.TC001_Fitpeo_ValidateTotalRecurringReimbursementValue - Navigate to Revenue Calculator Page
13:19:17.909 [main] INFO  testCases.TC001_Fitpeo_ValidateTotalRecurringReimbursementValue - Slide down to Slider and Interact
13:19:18.425 [main] INFO  testCases.TC001_Fitpeo_ValidateTotalRecurringReimbursementValue - Moving slider to the specified value...
13:19:19.864 [main] INFO  testCases.TC001_Fitpeo_ValidateTotalRecurringReimbursementValue - Validating slider and text field values...
13:19:20.086 [main] INFO  testCases.TC001_Fitpeo_ValidateTotalRecurringReimbursementValue - Clearing and setting patient text field...
13:19:20.486 [main] INFO  testCases.TC001_Fitpeo_ValidateTotalRecurringReimbursementValue - Validating slider and text field values...
13:19:20.891 [main] INFO  testCases.TC001_Fitpeo_ValidateTotalRecurringReimbursementValue - Selecting CPT checkboxes..
13:19:23.416 [main] INFO  testCases.TC001_Fitpeo_ValidateTotalRecurringReimbursementValue - Validating total recurring reimbursement value...
13:19:23.563 [main] INFO  testCases.TC001_Fitpeo_ValidateTotalRecurringReimbursementValue - Test case passed sucessfully...
13:22:13.890 [main] INFO  testCases.TC001_Fitpeo_ValidateTotalRecurringReimbursementValue - Navigate to Revenue Calculator Page
13:22:15.029 [main] INFO  testCases.TC001_Fitpeo_ValidateTotalRecurringReimbursementValue - Slide down to Slider and Interact
13:22:15.189 [main] INFO  testCases.TC001_Fitpeo_ValidateTotalRecurringReimbursementValue - Moving slider to the specified value...
13:22:16.622 [main] INFO  testCases.TC001_Fitpeo_ValidateTotalRecurringReimbursementValue - Validating slider and text field values...
13:22:16.829 [main] INFO  testCases.TC001_Fitpeo_ValidateTotalRecurringReimbursementValue - Clearing and setting patient text field...
13:22:17.139 [main] INFO  testCases.TC001_Fitpeo_ValidateTotalRecurringReimbursementValue - Validating slider and text field values...
13:22:17.526 [main] INFO  testCases.TC001_Fitpeo_ValidateTotalRecurringReimbursementValue - Selecting CPT checkboxes..
13:22:19.902 [main] INFO  testCases.TC001_Fitpeo_ValidateTotalRecurringReimbursementValue - Validating total recurring reimbursement value...
13:22:20.037 [main] INFO  testCases.TC001_Fitpeo_ValidateTotalRecurringReimbursementValue - Test case passed sucessfully...
13:27:17.901 [main] INFO  testCases.TC001_Fitpeo_ValidateTotalRecurringReimbursementValue - Navigate to Revenue Calculator Page
13:27:18.371 [main] INFO  testCases.TC001_Fitpeo_ValidateTotalRecurringReimbursementValue - Slide down to Slider and Interact
13:27:20.350 [main] INFO  testCases.TC001_Fitpeo_ValidateTotalRecurringReimbursementValue - Test case didnot executed...
13:27:20.351 [main] INFO  testCases.TC001_Fitpeo_ValidateTotalRecurringReimbursementValue - Test case failed...
13:41:08.915 [main] INFO  testCases.TC001_Fitpeo_ValidateTotalRecurringReimbursementValue - Navigate to Revenue Calculator Page
13:41:09.084 [main] INFO  testCases.TC001_Fitpeo_ValidateTotalRecurringReimbursementValue - Navigate to Revenue Calculator Page
13:41:11.330 [main] INFO  testCases.TC001_Fitpeo_ValidateTotalRecurringReimbursementValue - Slide down to Slider and Interact
13:41:11.355 [main] INFO  testCases.TC001_Fitpeo_ValidateTotalRecurringReimbursementValue - Slide down to Slider and Interact
13:41:11.585 [main] INFO  testCases.TC001_Fitpeo_ValidateTotalRecurringReimbursementValue - Moving slider to the specified value...
13:41:11.938 [main] INFO  testCases.TC001_Fitpeo_ValidateTotalRecurringReimbursementValue - Moving slider to the specified value...
13:41:14.243 [main] INFO  testCases.TC001_Fitpeo_ValidateTotalRecurringReimbursementValue - Validating slider and text field values...
13:41:14.810 [main] INFO  testCases.TC001_Fitpeo_ValidateTotalRecurringReimbursementValue - Clearing and setting patient text field...
13:41:14.864 [main] INFO  testCases.TC001_Fitpeo_ValidateTotalRecurringReimbursementValue - Validating slider and text field values...
13:41:15.284 [main] INFO  testCases.TC001_Fitpeo_ValidateTotalRecurringReimbursementValue - Validating slider and text field values...
13:41:15.323 [main] INFO  testCases.TC001_Fitpeo_ValidateTotalRecurringReimbursementValue - Clearing and setting patient text field...
13:41:15.831 [main] INFO  testCases.TC001_Fitpeo_ValidateTotalRecurringReimbursementValue - Validating slider and text field values...
13:41:16.506 [main] INFO  testCases.TC001_Fitpeo_ValidateTotalRecurringReimbursementValue - Selecting CPT checkboxes..
13:41:16.517 [main] INFO  testCases.TC001_Fitpeo_ValidateTotalRecurringReimbursementValue - Selecting CPT checkboxes..
13:41:21.684 [main] INFO  testCases.TC001_Fitpeo_ValidateTotalRecurringReimbursementValue - Validating total recurring reimbursement value...
13:41:21.873 [main] INFO  testCases.TC001_Fitpeo_ValidateTotalRecurringReimbursementValue - Test case passed sucessfully...
13:41:23.038 [main] INFO  testCases.TC001_Fitpeo_ValidateTotalRecurringReimbursementValue - Validating total recurring reimbursement value...
13:41:23.159 [main] INFO  testCases.TC001_Fitpeo_ValidateTotalRecurringReimbursementValue - Test case passed sucessfully...
13:51:43.354 [main] INFO  testCases.TC001_Fitpeo_ValidateTotalRecurringReimbursementValue - Navigate to Revenue Calculator Page
13:51:43.964 [main] INFO  testCases.TC001_Fitpeo_ValidateTotalRecurringReimbursementValue - Slide down to Slider and Interact
13:51:44.980 [main] INFO  testCases.TC001_Fitpeo_ValidateTotalRecurringReimbursementValue - Test case didnot executed...
13:51:44.980 [main] INFO  testCases.TC001_Fitpeo_ValidateTotalRecurringReimbursementValue - Test case failed...
13:53:26.526 [main] INFO  testCases.TC001_Fitpeo_ValidateTotalRecurringReimbursementValue - Navigate to Revenue Calculator Page
13:53:27.065 [main] INFO  testCases.TC001_Fitpeo_ValidateTotalRecurringReimbursementValue - Slide down to Slider and Interact
13:53:28.022 [main] INFO  testCases.TC001_Fitpeo_ValidateTotalRecurringReimbursementValue - Test case didnot executed...
13:53:28.022 [main] INFO  testCases.TC001_Fitpeo_ValidateTotalRecurringReimbursementValue - Test case failed...
13:55:47.236 [main] INFO  testCases.TC001_Fitpeo_ValidateTotalRecurringReimbursementValue - Navigate to Revenue Calculator Page
13:55:47.808 [main] INFO  testCases.TC001_Fitpeo_ValidateTotalRecurringReimbursementValue - Slide down to Slider and Interact
13:55:48.630 [main] INFO  testCases.TC001_Fitpeo_ValidateTotalRecurringReimbursementValue - Test case didnot executed...
13:55:48.630 [main] INFO  testCases.TC001_Fitpeo_ValidateTotalRecurringReimbursementValue - Test case failed...
13:58:20.081 [main] INFO  testCases.TC001_Fitpeo_ValidateTotalRecurringReimbursementValue - Navigate to Revenue Calculator Page
13:58:20.818 [main] INFO  testCases.TC001_Fitpeo_ValidateTotalRecurringReimbursementValue - Slide down to Slider and Interact
13:58:21.287 [main] INFO  testCases.TC001_Fitpeo_ValidateTotalRecurringReimbursementValue - Moving slider to the specified value...
13:58:23.715 [main] INFO  testCases.TC001_Fitpeo_ValidateTotalRecurringReimbursementValue - Validating slider and text field values...
13:58:24.055 [main] INFO  testCases.TC001_Fitpeo_ValidateTotalRecurringReimbursementValue - Clearing and setting patient text field...
13:58:24.410 [main] INFO  testCases.TC001_Fitpeo_ValidateTotalRecurringReimbursementValue - Validating slider and text field values...
13:58:24.888 [main] INFO  testCases.TC001_Fitpeo_ValidateTotalRecurringReimbursementValue - Selecting CPT checkboxes..
13:58:27.668 [main] INFO  testCases.TC001_Fitpeo_ValidateTotalRecurringReimbursementValue - Validating total recurring reimbursement value...
13:58:27.812 [main] INFO  testCases.TC001_Fitpeo_ValidateTotalRecurringReimbursementValue - Test case passed sucessfully...
13:59:42.273 [main] INFO  testCases.TC001_Fitpeo_ValidateTotalRecurringReimbursementValue - Navigate to Revenue Calculator Page
13:59:43.366 [main] INFO  testCases.TC001_Fitpeo_ValidateTotalRecurringReimbursementValue - Slide down to Slider and Interact
13:59:43.848 [main] INFO  testCases.TC001_Fitpeo_ValidateTotalRecurringReimbursementValue - Moving slider to the specified value...
13:59:45.585 [main] INFO  testCases.TC001_Fitpeo_ValidateTotalRecurringReimbursementValue - Validating slider and text field values...
13:59:45.845 [main] INFO  testCases.TC001_Fitpeo_ValidateTotalRecurringReimbursementValue - Clearing and setting patient text field...
13:59:46.154 [main] INFO  testCases.TC001_Fitpeo_ValidateTotalRecurringReimbursementValue - Validating slider and text field values...
13:59:46.472 [main] INFO  testCases.TC001_Fitpeo_ValidateTotalRecurringReimbursementValue - Selecting CPT checkboxes..
13:59:48.716 [main] INFO  testCases.TC001_Fitpeo_ValidateTotalRecurringReimbursementValue - Validating total recurring reimbursement value...
13:59:48.826 [main] INFO  testCases.TC001_Fitpeo_ValidateTotalRecurringReimbursementValue - Test case passed sucessfully...
14:05:16.377 [main] INFO  testCases.TC001_Fitpeo_ValidateTotalRecurringReimbursementValue - Navigate to Revenue Calculator Page
14:05:17.105 [main] INFO  testCases.TC001_Fitpeo_ValidateTotalRecurringReimbursementValue - Slide down to Slider and Interact
14:05:17.991 [main] INFO  testCases.TC001_Fitpeo_ValidateTotalRecurringReimbursementValue - Moving slider to the specified value...
14:05:19.664 [main] INFO  testCases.TC001_Fitpeo_ValidateTotalRecurringReimbursementValue - Validating slider and text field values...
14:05:19.804 [main] INFO  testCases.TC001_Fitpeo_ValidateTotalRecurringReimbursementValue - Clearing and setting patient text field...
14:05:20.621 [main] INFO  testCases.TC001_Fitpeo_ValidateTotalRecurringReimbursementValue - Validating slider and text field values...
14:05:20.983 [main] INFO  testCases.TC001_Fitpeo_ValidateTotalRecurringReimbursementValue - Selecting CPT checkboxes..
14:05:23.406 [main] INFO  testCases.TC001_Fitpeo_ValidateTotalRecurringReimbursementValue - Validating total recurring reimbursement value...
14:05:23.548 [main] INFO  testCases.TC001_Fitpeo_ValidateTotalRecurringReimbursementValue - Test case passed sucessfully...
14:06:15.200 [main] INFO  testCases.TC001_Fitpeo_ValidateTotalRecurringReimbursementValue - Navigate to Revenue Calculator Page
14:06:16.016 [main] INFO  testCases.TC001_Fitpeo_ValidateTotalRecurringReimbursementValue - Slide down to Slider and Interact
14:06:16.224 [main] INFO  testCases.TC001_Fitpeo_ValidateTotalRecurringReimbursementValue - Moving slider to the specified value...
14:06:21.922 [main] INFO  testCases.TC001_Fitpeo_ValidateTotalRecurringReimbursementValue - Validating slider and text field values...
14:06:22.168 [main] INFO  testCases.TC001_Fitpeo_ValidateTotalRecurringReimbursementValue - Clearing and setting patient text field...
14:06:22.487 [main] INFO  testCases.TC001_Fitpeo_ValidateTotalRecurringReimbursementValue - Validating slider and text field values...
14:06:22.915 [main] INFO  testCases.TC001_Fitpeo_ValidateTotalRecurringReimbursementValue - Selecting CPT checkboxes..
14:06:26.010 [main] INFO  testCases.TC001_Fitpeo_ValidateTotalRecurringReimbursementValue - Validating total recurring reimbursement value...
14:06:26.177 [main] INFO  testCases.TC001_Fitpeo_ValidateTotalRecurringReimbursementValue - Test case passed sucessfully...
14:10:28.440 [main] INFO  testCases.TC001_Fitpeo_ValidateTotalRecurringReimbursementValue - Navigate to Revenue Calculator Page
14:10:29.407 [main] INFO  testCases.TC001_Fitpeo_ValidateTotalRecurringReimbursementValue - Navigate to Revenue Calculator Page
14:10:30.229 [main] INFO  testCases.TC001_Fitpeo_ValidateTotalRecurringReimbursementValue - Slide down to Slider and Interact
14:10:30.422 [main] INFO  testCases.TC001_Fitpeo_ValidateTotalRecurringReimbursementValue - Moving slider to the specified value...
14:10:32.183 [main] INFO  testCases.TC001_Fitpeo_ValidateTotalRecurringReimbursementValue - Slide down to Slider and Interact
14:10:32.243 [main] INFO  testCases.TC001_Fitpeo_ValidateTotalRecurringReimbursementValue - Moving slider to the specified value...
14:10:34.003 [main] INFO  testCases.TC001_Fitpeo_ValidateTotalRecurringReimbursementValue - Validating slider and text field values...
14:10:34.151 [main] INFO  testCases.TC001_Fitpeo_ValidateTotalRecurringReimbursementValue - Clearing and setting patient text field...
14:10:35.329 [main] INFO  testCases.TC001_Fitpeo_ValidateTotalRecurringReimbursementValue - Validating slider and text field values...
14:10:35.788 [main] INFO  testCases.TC001_Fitpeo_ValidateTotalRecurringReimbursementValue - Clearing and setting patient text field...
14:10:36.309 [main] INFO  testCases.TC001_Fitpeo_ValidateTotalRecurringReimbursementValue - Validating slider and text field values...
14:10:37.131 [main] INFO  testCases.TC001_Fitpeo_ValidateTotalRecurringReimbursementValue - Validating slider and text field values...
14:10:38.150 [main] INFO  testCases.TC001_Fitpeo_ValidateTotalRecurringReimbursementValue - Selecting CPT checkboxes..
14:10:38.178 [main] INFO  testCases.TC001_Fitpeo_ValidateTotalRecurringReimbursementValue - Selecting CPT checkboxes..
14:10:40.804 [main] INFO  testCases.TC001_Fitpeo_ValidateTotalRecurringReimbursementValue - Validating total recurring reimbursement value...
14:10:41.173 [main] ERROR testCases.TC001_Fitpeo_ValidateTotalRecurringReimbursementValue - error message
14:10:41.278 [main] INFO  testCases.TC001_Fitpeo_ValidateTotalRecurringReimbursementValue - Validating total recurring reimbursement value...
14:10:42.025 [main] ERROR testCases.TC001_Fitpeo_ValidateTotalRecurringReimbursementValue - error message
16:09:53.566 [main] INFO  testCases.TC001_Fitpeo_ValidateTotalRecurringReimbursementValue - Navigate to Revenue Calculator Page
16:09:56.169 [main] INFO  testCases.TC001_Fitpeo_ValidateTotalRecurringReimbursementValue - Slide down to Slider and Interact
16:09:56.531 [main] INFO  testCases.TC001_Fitpeo_ValidateTotalRecurringReimbursementValue - Moving slider to the specified value...
16:09:57.779 [main] INFO  testCases.TC001_Fitpeo_ValidateTotalRecurringReimbursementValue - Validating slider and text field values...
16:09:58.033 [main] INFO  testCases.TC001_Fitpeo_ValidateTotalRecurringReimbursementValue - Clearing and setting patient text field...
16:09:58.628 [main] INFO  testCases.TC001_Fitpeo_ValidateTotalRecurringReimbursementValue - Validating slider and text field values...
16:09:59.116 [main] INFO  testCases.TC001_Fitpeo_ValidateTotalRecurringReimbursementValue - Selecting CPT checkboxes..
16:10:01.308 [main] INFO  testCases.TC001_Fitpeo_ValidateTotalRecurringReimbursementValue - Validating total recurring reimbursement value...
16:10:01.440 [main] INFO  testCases.TC001_Fitpeo_ValidateTotalRecurringReimbursementValue - Test case passed sucessfully...
16:16:41.348 [main] INFO  testCases.TC001_Fitpeo_ValidateTotalRecurringReimbursementValue - Navigate to Revenue Calculator Page
16:16:41.749 [main] INFO  testCases.TC001_Fitpeo_ValidateTotalRecurringReimbursementValue - Slide down to Slider and Interact
16:16:41.922 [main] INFO  testCases.TC001_Fitpeo_ValidateTotalRecurringReimbursementValue - Moving slider to the specified value...
16:16:43.805 [main] INFO  testCases.TC001_Fitpeo_ValidateTotalRecurringReimbursementValue - Validating slider and text field values...
16:16:44.007 [main] INFO  testCases.TC001_Fitpeo_ValidateTotalRecurringReimbursementValue - Clearing and setting patient text field...
16:16:44.218 [main] INFO  testCases.TC001_Fitpeo_ValidateTotalRecurringReimbursementValue - Validating slider and text field values...
16:16:44.725 [main] INFO  testCases.TC001_Fitpeo_ValidateTotalRecurringReimbursementValue - Selecting CPT checkboxes..
16:16:47.040 [main] INFO  testCases.TC001_Fitpeo_ValidateTotalRecurringReimbursementValue - Validating total recurring reimbursement value...
16:16:47.488 [main] INFO  testCases.TC001_Fitpeo_ValidateTotalRecurringReimbursementValue - Test case passed sucessfully...
16:25:37.363 [main] INFO  testCases.TC001_Fitpeo_ValidateTotalRecurringReimbursementValue - Navigate to Revenue Calculator Page
16:25:37.692 [main] INFO  testCases.TC001_Fitpeo_ValidateTotalRecurringReimbursementValue - Slide down to Slider and Interact
16:25:37.939 [main] INFO  testCases.TC001_Fitpeo_ValidateTotalRecurringReimbursementValue - Moving slider to the specified value...
16:25:39.693 [main] INFO  testCases.TC001_Fitpeo_ValidateTotalRecurringReimbursementValue - Validating slider and text field values...
16:25:39.958 [main] INFO  testCases.TC001_Fitpeo_ValidateTotalRecurringReimbursementValue - Clearing and setting patient text field...
16:25:40.308 [main] INFO  testCases.TC001_Fitpeo_ValidateTotalRecurringReimbursementValue - Validating slider and text field values...
16:25:40.623 [main] INFO  testCases.TC001_Fitpeo_ValidateTotalRecurringReimbursementValue - Selecting CPT checkboxes..
16:25:42.344 [main] INFO  testCases.TC001_Fitpeo_ValidateTotalRecurringReimbursementValue - Validating total recurring reimbursement value...
16:25:42.569 [main] INFO  testCases.TC001_Fitpeo_ValidateTotalRecurringReimbursementValue - Test case passed sucessfully...
16:26:15.147 [main] INFO  testCases.TC001_Fitpeo_ValidateTotalRecurringReimbursementValue - Navigate to Revenue Calculator Page
16:26:15.490 [main] INFO  testCases.TC001_Fitpeo_ValidateTotalRecurringReimbursementValue - Slide down to Slider and Interact
16:26:16.456 [main] INFO  testCases.TC001_Fitpeo_ValidateTotalRecurringReimbursementValue - Test case didnot executed...
16:26:16.457 [main] INFO  testCases.TC001_Fitpeo_ValidateTotalRecurringReimbursementValue - Test case failed...
16:28:04.874 [main] INFO  testCases.TC001_Fitpeo_ValidateTotalRecurringReimbursementValue - Navigate to Revenue Calculator Page
16:28:05.284 [main] INFO  testCases.TC001_Fitpeo_ValidateTotalRecurringReimbursementValue - Slide down to Slider and Interact
16:28:05.331 [main] INFO  testCases.TC001_Fitpeo_ValidateTotalRecurringReimbursementValue - Moving slider to the specified value...
16:28:07.618 [main] INFO  testCases.TC001_Fitpeo_ValidateTotalRecurringReimbursementValue - Validating slider and text field values...
16:28:07.818 [main] INFO  testCases.TC001_Fitpeo_ValidateTotalRecurringReimbursementValue - Clearing and setting patient text field...
16:28:08.136 [main] INFO  testCases.TC001_Fitpeo_ValidateTotalRecurringReimbursementValue - Validating slider and text field values...
16:28:08.563 [main] INFO  testCases.TC001_Fitpeo_ValidateTotalRecurringReimbursementValue - Selecting CPT checkboxes..
16:28:10.714 [main] INFO  testCases.TC001_Fitpeo_ValidateTotalRecurringReimbursementValue - Validating total recurring reimbursement value...
16:28:10.846 [main] INFO  testCases.TC001_Fitpeo_ValidateTotalRecurringReimbursementValue - Test case passed sucessfully...
16:30:03.868 [main] INFO  testCases.TC001_Fitpeo_ValidateTotalRecurringReimbursementValue - Navigate to Revenue Calculator Page
16:30:04.585 [main] INFO  testCases.TC001_Fitpeo_ValidateTotalRecurringReimbursementValue - Slide down to Slider and Interact
16:30:05.186 [main] INFO  testCases.TC001_Fitpeo_ValidateTotalRecurringReimbursementValue - Moving slider to the specified value...
16:30:06.247 [main] INFO  testCases.TC001_Fitpeo_ValidateTotalRecurringReimbursementValue - Validating slider and text field values...
16:30:06.440 [main] INFO  testCases.TC001_Fitpeo_ValidateTotalRecurringReimbursementValue - Clearing and setting patient text field...
16:30:06.682 [main] INFO  testCases.TC001_Fitpeo_ValidateTotalRecurringReimbursementValue - Validating slider and text field values...
16:30:07.013 [main] INFO  testCases.TC001_Fitpeo_ValidateTotalRecurringReimbursementValue - Selecting CPT checkboxes..
16:30:08.977 [main] INFO  testCases.TC001_Fitpeo_ValidateTotalRecurringReimbursementValue - Validating total recurring reimbursement value...
16:30:09.115 [main] INFO  testCases.TC001_Fitpeo_ValidateTotalRecurringReimbursementValue - Test case passed sucessfully...
16:54:27.436 [main] INFO  testCases.TC001_Fitpeo_ValidateTotalRecurringReimbursementValue - Navigate to Revenue Calculator Page
16:54:28.708 [main] INFO  testCases.TC001_Fitpeo_ValidateTotalRecurringReimbursementValue - Slide down to Slider and Interact
16:54:29.850 [main] INFO  testCases.TC001_Fitpeo_ValidateTotalRecurringReimbursementValue - Moving slider to the specified value...
16:54:32.283 [main] INFO  testCases.TC001_Fitpeo_ValidateTotalRecurringReimbursementValue - Validating slider and text field values...
16:54:32.702 [main] INFO  testCases.TC001_Fitpeo_ValidateTotalRecurringReimbursementValue - Clearing and setting patient text field...
16:54:33.316 [main] INFO  testCases.TC001_Fitpeo_ValidateTotalRecurringReimbursementValue - Validating slider and text field values...
16:54:33.952 [main] INFO  testCases.TC001_Fitpeo_ValidateTotalRecurringReimbursementValue - Selecting CPT checkboxes..
16:54:37.718 [main] INFO  testCases.TC001_Fitpeo_ValidateTotalRecurringReimbursementValue - Validating total recurring reimbursement value...
16:54:37.885 [main] INFO  testCases.TC001_Fitpeo_ValidateTotalRecurringReimbursementValue - Test case passed sucessfully...
17:04:02.720 [main] INFO  testCases.TC001_Fitpeo_ValidateTotalRecurringReimbursementValue - Navigate to Revenue Calculator Page
17:04:03.718 [main] INFO  testCases.TC001_Fitpeo_ValidateTotalRecurringReimbursementValue - Slide down to Slider and Interact
17:04:04.668 [main] INFO  testCases.TC001_Fitpeo_ValidateTotalRecurringReimbursementValue - Moving slider to the specified value...
17:04:06.732 [main] INFO  testCases.TC001_Fitpeo_ValidateTotalRecurringReimbursementValue - Validating slider and text field values...
17:04:07.039 [main] INFO  testCases.TC001_Fitpeo_ValidateTotalRecurringReimbursementValue - Clearing and setting patient text field...
17:04:07.549 [main] INFO  testCases.TC001_Fitpeo_ValidateTotalRecurringReimbursementValue - Validating slider and text field values...
17:04:08.137 [main] INFO  testCases.TC001_Fitpeo_ValidateTotalRecurringReimbursementValue - Selecting CPT checkboxes..
17:04:11.828 [main] INFO  testCases.TC001_Fitpeo_ValidateTotalRecurringReimbursementValue - Validating total recurring reimbursement value...
17:04:12.006 [main] INFO  testCases.TC001_Fitpeo_ValidateTotalRecurringReimbursementValue - Test case passed sucessfully...
17:17:30.188 [main] INFO  testCases.TC001_Fitpeo_ValidateTotalRecurringReimbursementValue - Navigate to Revenue Calculator Page
17:17:31.032 [main] INFO  testCases.TC001_Fitpeo_ValidateTotalRecurringReimbursementValue - Slide down to Slider and Interact
17:17:31.878 [main] INFO  testCases.TC001_Fitpeo_ValidateTotalRecurringReimbursementValue - Moving slider to the specified value...
17:17:33.756 [main] INFO  testCases.TC001_Fitpeo_ValidateTotalRecurringReimbursementValue - Validating slider and text field values...
17:17:34.057 [main] INFO  testCases.TC001_Fitpeo_ValidateTotalRecurringReimbursementValue - Clearing and setting patient text field...
17:17:34.378 [main] INFO  testCases.TC001_Fitpeo_ValidateTotalRecurringReimbursementValue - Validating slider and text field values...
17:17:34.754 [main] INFO  testCases.TC001_Fitpeo_ValidateTotalRecurringReimbursementValue - Selecting CPT checkboxes..
17:17:38.041 [main] INFO  testCases.TC001_Fitpeo_ValidateTotalRecurringReimbursementValue - Validating total recurring reimbursement value...
17:17:38.194 [main] INFO  testCases.TC001_Fitpeo_ValidateTotalRecurringReimbursementValue - Test case passed sucessfully...
